[0.056s] Invoking command in '/media/witcher/be8e6b9d-6c5f-43b6-8399-13e2698fc3d1/chap3/practice_ws/build/status_interfaces': CMAKE_PREFIX_PATH=${CMAKE_PREFIX_PATH}:/opt/ros/jazzy DEBUGINFOD_URLS=https://debuginfod.ubuntu.com /usr/bin/cmake --build /media/witcher/be8e6b9d-6c5f-43b6-8399-13e2698fc3d1/chap3/practice_ws/build/status_interfaces -- -j8 -l8
[0.384s] [  2%] Built target status_interfaces__rosidl_generator_type_description
[0.419s] [  2%] Built target ament_cmake_python_copy_status_interfaces
[0.439s] [  5%] Built target status_interfaces__cpp
[0.475s] [ 20%] Built target status_interfaces__rosidl_generator_c
[0.550s] [ 29%] Built target status_interfaces__rosidl_typesupport_introspection_c
[0.551s] [ 38%] Built target status_interfaces__rosidl_typesupport_c
[0.555s] [ 47%] Built target status_interfaces__rosidl_typesupport_cpp
[0.563s] [ 55%] Built target status_interfaces__rosidl_typesupport_introspection_cpp
[0.563s] [ 64%] Built target status_interfaces__rosidl_typesupport_fastrtps_c
[0.566s] [ 73%] Built target status_interfaces__rosidl_typesupport_fastrtps_cpp
[0.618s] [ 73%] Built target status_interfaces
[0.678s] [ 76%] Built target status_interfaces__py
[0.725s] running egg_info
[0.748s] writing status_interfaces.egg-info/PKG-INFO
[0.749s] writing dependency_links to status_interfaces.egg-info/dependency_links.txt
[0.749s] writing top-level names to status_interfaces.egg-info/top_level.txt
[0.759s] [ 82%] Built target status_interfaces__rosidl_generator_py
[0.822s] reading manifest file 'status_interfaces.egg-info/SOURCES.txt'
[0.825s] writing manifest file 'status_interfaces.egg-info/SOURCES.txt'
[0.831s] [ 88%] Built target status_interfaces_s__rosidl_typesupport_fastrtps_c
[0.836s] [ 94%] Built target status_interfaces_s__rosidl_typesupport_introspection_c
[0.849s] [100%] Built target status_interfaces_s__rosidl_typesupport_c
[0.859s] [100%] Built target ament_cmake_python_build_status_interfaces_egg
[0.883s] Invoked command in '/media/witcher/be8e6b9d-6c5f-43b6-8399-13e2698fc3d1/chap3/practice_ws/build/status_interfaces' returned '0': CMAKE_PREFIX_PATH=${CMAKE_PREFIX_PATH}:/opt/ros/jazzy DEBUGINFOD_URLS=https://debuginfod.ubuntu.com /usr/bin/cmake --build /media/witcher/be8e6b9d-6c5f-43b6-8399-13e2698fc3d1/chap3/practice_ws/build/status_interfaces -- -j8 -l8
[0.907s] Invoking command in '/media/witcher/be8e6b9d-6c5f-43b6-8399-13e2698fc3d1/chap3/practice_ws/build/status_interfaces': CMAKE_PREFIX_PATH=${CMAKE_PREFIX_PATH}:/opt/ros/jazzy DEBUGINFOD_URLS=https://debuginfod.ubuntu.com /usr/bin/cmake --install /media/witcher/be8e6b9d-6c5f-43b6-8399-13e2698fc3d1/chap3/practice_ws/build/status_interfaces
[0.931s] -- Install configuration: ""
[0.931s] -- Up-to-date: /media/witcher/be8e6b9d-6c5f-43b6-8399-13e2698fc3d1/chap3/practice_ws/install/status_interfaces/share/ament_index/resource_index/rosidl_interfaces/status_interfaces
[0.931s] -- Up-to-date: /media/witcher/be8e6b9d-6c5f-43b6-8399-13e2698fc3d1/chap3/practice_ws/install/status_interfaces/share/status_interfaces/msg/SystemStatus.json
[0.931s] -- Up-to-date: /media/witcher/be8e6b9d-6c5f-43b6-8399-13e2698fc3d1/chap3/practice_ws/install/status_interfaces/include/status_interfaces/status_interfaces
[0.932s] -- Up-to-date: /media/witcher/be8e6b9d-6c5f-43b6-8399-13e2698fc3d1/chap3/practice_ws/install/status_interfaces/include/status_interfaces/status_interfaces/msg
[0.932s] -- Up-to-date: /media/witcher/be8e6b9d-6c5f-43b6-8399-13e2698fc3d1/chap3/practice_ws/install/status_interfaces/include/status_interfaces/status_interfaces/msg/system_status.h
[0.932s] -- Up-to-date: /media/witcher/be8e6b9d-6c5f-43b6-8399-13e2698fc3d1/chap3/practice_ws/install/status_interfaces/include/status_interfaces/status_interfaces/msg/rosidl_generator_c__visibility_control.h
[0.932s] -- Up-to-date: /media/witcher/be8e6b9d-6c5f-43b6-8399-13e2698fc3d1/chap3/practice_ws/install/status_interfaces/include/status_interfaces/status_interfaces/msg/detail
[0.932s] -- Up-to-date: /media/witcher/be8e6b9d-6c5f-43b6-8399-13e2698fc3d1/chap3/practice_ws/install/status_interfaces/include/status_interfaces/status_interfaces/msg/detail/system_status__functions.c
[0.933s] -- Up-to-date: /media/witcher/be8e6b9d-6c5f-43b6-8399-13e2698fc3d1/chap3/practice_ws/install/status_interfaces/include/status_interfaces/status_interfaces/msg/detail/system_status__description.c
[0.933s] -- Up-to-date: /media/witcher/be8e6b9d-6c5f-43b6-8399-13e2698fc3d1/chap3/practice_ws/install/status_interfaces/include/status_interfaces/status_interfaces/msg/detail/system_status__type_support.c
[0.933s] -- Up-to-date: /media/witcher/be8e6b9d-6c5f-43b6-8399-13e2698fc3d1/chap3/practice_ws/install/status_interfaces/include/status_interfaces/status_interfaces/msg/detail/system_status__struct.h
[0.933s] -- Up-to-date: /media/witcher/be8e6b9d-6c5f-43b6-8399-13e2698fc3d1/chap3/practice_ws/install/status_interfaces/include/status_interfaces/status_interfaces/msg/detail/system_status__functions.h
[0.934s] -- Up-to-date: /media/witcher/be8e6b9d-6c5f-43b6-8399-13e2698fc3d1/chap3/practice_ws/install/status_interfaces/include/status_interfaces/status_interfaces/msg/detail/system_status__type_support.h
[0.934s] -- Up-to-date: /media/witcher/be8e6b9d-6c5f-43b6-8399-13e2698fc3d1/chap3/practice_ws/install/status_interfaces/share/status_interfaces/environment/library_path.sh
[0.935s] -- Up-to-date: /media/witcher/be8e6b9d-6c5f-43b6-8399-13e2698fc3d1/chap3/practice_ws/install/status_interfaces/share/status_interfaces/environment/library_path.dsv
[0.935s] -- Up-to-date: /media/witcher/be8e6b9d-6c5f-43b6-8399-13e2698fc3d1/chap3/practice_ws/install/status_interfaces/lib/libstatus_interfaces__rosidl_generator_c.so
[0.935s] -- Up-to-date: /media/witcher/be8e6b9d-6c5f-43b6-8399-13e2698fc3d1/chap3/practice_ws/install/status_interfaces/include/status_interfaces/status_interfaces
[0.935s] -- Up-to-date: /media/witcher/be8e6b9d-6c5f-43b6-8399-13e2698fc3d1/chap3/practice_ws/install/status_interfaces/include/status_interfaces/status_interfaces/msg
[0.935s] -- Up-to-date: /media/witcher/be8e6b9d-6c5f-43b6-8399-13e2698fc3d1/chap3/practice_ws/install/status_interfaces/include/status_interfaces/status_interfaces/msg/rosidl_typesupport_fastrtps_c__visibility_control.h
[0.937s] -- Up-to-date: /media/witcher/be8e6b9d-6c5f-43b6-8399-13e2698fc3d1/chap3/practice_ws/install/status_interfaces/include/status_interfaces/status_interfaces/msg/detail
[0.937s] -- Up-to-date: /media/witcher/be8e6b9d-6c5f-43b6-8399-13e2698fc3d1/chap3/practice_ws/install/status_interfaces/include/status_interfaces/status_interfaces/msg/detail/system_status__rosidl_typesupport_fastrtps_c.h
[0.938s] -- Up-to-date: /media/witcher/be8e6b9d-6c5f-43b6-8399-13e2698fc3d1/chap3/practice_ws/install/status_interfaces/lib/libstatus_interfaces__rosidl_typesupport_fastrtps_c.so
[0.939s] -- Up-to-date: /media/witcher/be8e6b9d-6c5f-43b6-8399-13e2698fc3d1/chap3/practice_ws/install/status_interfaces/include/status_interfaces/status_interfaces
[0.939s] -- Up-to-date: /media/witcher/be8e6b9d-6c5f-43b6-8399-13e2698fc3d1/chap3/practice_ws/install/status_interfaces/include/status_interfaces/status_interfaces/msg
[0.940s] -- Up-to-date: /media/witcher/be8e6b9d-6c5f-43b6-8399-13e2698fc3d1/chap3/practice_ws/install/status_interfaces/include/status_interfaces/status_interfaces/msg/rosidl_generator_cpp__visibility_control.hpp
[0.940s] -- Up-to-date: /media/witcher/be8e6b9d-6c5f-43b6-8399-13e2698fc3d1/chap3/practice_ws/install/status_interfaces/include/status_interfaces/status_interfaces/msg/system_status.hpp
[0.940s] -- Up-to-date: /media/witcher/be8e6b9d-6c5f-43b6-8399-13e2698fc3d1/chap3/practice_ws/install/status_interfaces/include/status_interfaces/status_interfaces/msg/detail
[0.941s] -- Up-to-date: /media/witcher/be8e6b9d-6c5f-43b6-8399-13e2698fc3d1/chap3/practice_ws/install/status_interfaces/include/status_interfaces/status_interfaces/msg/detail/system_status__type_support.hpp
[0.941s] -- Up-to-date: /media/witcher/be8e6b9d-6c5f-43b6-8399-13e2698fc3d1/chap3/practice_ws/install/status_interfaces/include/status_interfaces/status_interfaces/msg/detail/system_status__traits.hpp
[0.941s] -- Up-to-date: /media/witcher/be8e6b9d-6c5f-43b6-8399-13e2698fc3d1/chap3/practice_ws/install/status_interfaces/include/status_interfaces/status_interfaces/msg/detail/system_status__struct.hpp
[0.942s] -- Up-to-date: /media/witcher/be8e6b9d-6c5f-43b6-8399-13e2698fc3d1/chap3/practice_ws/install/status_interfaces/include/status_interfaces/status_interfaces/msg/detail/system_status__builder.hpp
[0.942s] -- Up-to-date: /media/witcher/be8e6b9d-6c5f-43b6-8399-13e2698fc3d1/chap3/practice_ws/install/status_interfaces/include/status_interfaces/status_interfaces
[0.942s] -- Up-to-date: /media/witcher/be8e6b9d-6c5f-43b6-8399-13e2698fc3d1/chap3/practice_ws/install/status_interfaces/include/status_interfaces/status_interfaces/msg
[0.942s] -- Up-to-date: /media/witcher/be8e6b9d-6c5f-43b6-8399-13e2698fc3d1/chap3/practice_ws/install/status_interfaces/include/status_interfaces/status_interfaces/msg/rosidl_typesupport_fastrtps_cpp__visibility_control.h
[0.942s] -- Up-to-date: /media/witcher/be8e6b9d-6c5f-43b6-8399-13e2698fc3d1/chap3/practice_ws/install/status_interfaces/include/status_interfaces/status_interfaces/msg/detail
[0.943s] -- Up-to-date: /media/witcher/be8e6b9d-6c5f-43b6-8399-13e2698fc3d1/chap3/practice_ws/install/status_interfaces/include/status_interfaces/status_interfaces/msg/detail/system_status__rosidl_typesupport_fastrtps_cpp.hpp
[0.943s] -- Up-to-date: /media/witcher/be8e6b9d-6c5f-43b6-8399-13e2698fc3d1/chap3/practice_ws/install/status_interfaces/include/status_interfaces/status_interfaces/msg/detail/dds_fastrtps
[0.946s] -- Up-to-date: /media/witcher/be8e6b9d-6c5f-43b6-8399-13e2698fc3d1/chap3/practice_ws/install/status_interfaces/lib/libstatus_interfaces__rosidl_typesupport_fastrtps_cpp.so
[0.949s] -- Up-to-date: /media/witcher/be8e6b9d-6c5f-43b6-8399-13e2698fc3d1/chap3/practice_ws/install/status_interfaces/include/status_interfaces/status_interfaces
[0.950s] -- Up-to-date: /media/witcher/be8e6b9d-6c5f-43b6-8399-13e2698fc3d1/chap3/practice_ws/install/status_interfaces/include/status_interfaces/status_interfaces/msg
[0.950s] -- Up-to-date: /media/witcher/be8e6b9d-6c5f-43b6-8399-13e2698fc3d1/chap3/practice_ws/install/status_interfaces/include/status_interfaces/status_interfaces/msg/rosidl_typesupport_introspection_c__visibility_control.h
[0.950s] -- Up-to-date: /media/witcher/be8e6b9d-6c5f-43b6-8399-13e2698fc3d1/chap3/practice_ws/install/status_interfaces/include/status_interfaces/status_interfaces/msg/detail
[0.950s] -- Up-to-date: /media/witcher/be8e6b9d-6c5f-43b6-8399-13e2698fc3d1/chap3/practice_ws/install/status_interfaces/include/status_interfaces/status_interfaces/msg/detail/system_status__type_support.c
[0.950s] -- Up-to-date: /media/witcher/be8e6b9d-6c5f-43b6-8399-13e2698fc3d1/chap3/practice_ws/install/status_interfaces/include/status_interfaces/status_interfaces/msg/detail/system_status__rosidl_typesupport_introspection_c.h
[0.950s] -- Up-to-date: /media/witcher/be8e6b9d-6c5f-43b6-8399-13e2698fc3d1/chap3/practice_ws/install/status_interfaces/lib/libstatus_interfaces__rosidl_typesupport_introspection_c.so
[0.951s] -- Up-to-date: /media/witcher/be8e6b9d-6c5f-43b6-8399-13e2698fc3d1/chap3/practice_ws/install/status_interfaces/lib/libstatus_interfaces__rosidl_typesupport_c.so
[0.952s] -- Up-to-date: /media/witcher/be8e6b9d-6c5f-43b6-8399-13e2698fc3d1/chap3/practice_ws/install/status_interfaces/include/status_interfaces/status_interfaces
[0.952s] -- Up-to-date: /media/witcher/be8e6b9d-6c5f-43b6-8399-13e2698fc3d1/chap3/practice_ws/install/status_interfaces/include/status_interfaces/status_interfaces/msg
[0.952s] -- Up-to-date: /media/witcher/be8e6b9d-6c5f-43b6-8399-13e2698fc3d1/chap3/practice_ws/install/status_interfaces/include/status_interfaces/status_interfaces/msg/detail
[0.953s] -- Up-to-date: /media/witcher/be8e6b9d-6c5f-43b6-8399-13e2698fc3d1/chap3/practice_ws/install/status_interfaces/include/status_interfaces/status_interfaces/msg/detail/system_status__type_support.cpp
[0.953s] -- Up-to-date: /media/witcher/be8e6b9d-6c5f-43b6-8399-13e2698fc3d1/chap3/practice_ws/install/status_interfaces/include/status_interfaces/status_interfaces/msg/detail/system_status__rosidl_typesupport_introspection_cpp.hpp
[0.953s] -- Up-to-date: /media/witcher/be8e6b9d-6c5f-43b6-8399-13e2698fc3d1/chap3/practice_ws/install/status_interfaces/lib/libstatus_interfaces__rosidl_typesupport_introspection_cpp.so
[0.955s] -- Up-to-date: /media/witcher/be8e6b9d-6c5f-43b6-8399-13e2698fc3d1/chap3/practice_ws/install/status_interfaces/lib/libstatus_interfaces__rosidl_typesupport_cpp.so
[0.957s] -- Up-to-date: /media/witcher/be8e6b9d-6c5f-43b6-8399-13e2698fc3d1/chap3/practice_ws/install/status_interfaces/share/status_interfaces/environment/pythonpath.sh
[0.957s] -- Up-to-date: /media/witcher/be8e6b9d-6c5f-43b6-8399-13e2698fc3d1/chap3/practice_ws/install/status_interfaces/share/status_interfaces/environment/pythonpath.dsv
[0.957s] -- Up-to-date: /media/witcher/be8e6b9d-6c5f-43b6-8399-13e2698fc3d1/chap3/practice_ws/install/status_interfaces/lib/python3.12/site-packages/status_interfaces-0.0.0-py3.12.egg-info
[0.957s] -- Installing: /media/witcher/be8e6b9d-6c5f-43b6-8399-13e2698fc3d1/chap3/practice_ws/install/status_interfaces/lib/python3.12/site-packages/status_interfaces-0.0.0-py3.12.egg-info/top_level.txt
[0.958s] -- Installing: /media/witcher/be8e6b9d-6c5f-43b6-8399-13e2698fc3d1/chap3/practice_ws/install/status_interfaces/lib/python3.12/site-packages/status_interfaces-0.0.0-py3.12.egg-info/PKG-INFO
[0.958s] -- Installing: /media/witcher/be8e6b9d-6c5f-43b6-8399-13e2698fc3d1/chap3/practice_ws/install/status_interfaces/lib/python3.12/site-packages/status_interfaces-0.0.0-py3.12.egg-info/dependency_links.txt
[0.959s] -- Installing: /media/witcher/be8e6b9d-6c5f-43b6-8399-13e2698fc3d1/chap3/practice_ws/install/status_interfaces/lib/python3.12/site-packages/status_interfaces-0.0.0-py3.12.egg-info/SOURCES.txt
[0.959s] -- Up-to-date: /media/witcher/be8e6b9d-6c5f-43b6-8399-13e2698fc3d1/chap3/practice_ws/install/status_interfaces/lib/python3.12/site-packages/status_interfaces
[0.959s] -- Up-to-date: /media/witcher/be8e6b9d-6c5f-43b6-8399-13e2698fc3d1/chap3/practice_ws/install/status_interfaces/lib/python3.12/site-packages/status_interfaces/msg
[0.960s] -- Up-to-date: /media/witcher/be8e6b9d-6c5f-43b6-8399-13e2698fc3d1/chap3/practice_ws/install/status_interfaces/lib/python3.12/site-packages/status_interfaces/msg/_system_status_s.c
[0.960s] -- Up-to-date: /media/witcher/be8e6b9d-6c5f-43b6-8399-13e2698fc3d1/chap3/practice_ws/install/status_interfaces/lib/python3.12/site-packages/status_interfaces/msg/_system_status.py
[0.960s] -- Up-to-date: /media/witcher/be8e6b9d-6c5f-43b6-8399-13e2698fc3d1/chap3/practice_ws/install/status_interfaces/lib/python3.12/site-packages/status_interfaces/msg/__init__.py
[0.961s] -- Up-to-date: /media/witcher/be8e6b9d-6c5f-43b6-8399-13e2698fc3d1/chap3/practice_ws/install/status_interfaces/lib/python3.12/site-packages/status_interfaces/_status_interfaces_s.ep.rosidl_typesupport_introspection_c.c
[0.961s] -- Up-to-date: /media/witcher/be8e6b9d-6c5f-43b6-8399-13e2698fc3d1/chap3/practice_ws/install/status_interfaces/lib/python3.12/site-packages/status_interfaces/status_interfaces_s__rosidl_typesupport_fastrtps_c.so
[0.961s] -- Up-to-date: /media/witcher/be8e6b9d-6c5f-43b6-8399-13e2698fc3d1/chap3/practice_ws/install/status_interfaces/lib/python3.12/site-packages/status_interfaces/_status_interfaces_s.ep.rosidl_typesupport_fastrtps_c.c
[0.961s] -- Up-to-date: /media/witcher/be8e6b9d-6c5f-43b6-8399-13e2698fc3d1/chap3/practice_ws/install/status_interfaces/lib/python3.12/site-packages/status_interfaces/_status_interfaces_s.ep.rosidl_typesupport_c.c
[0.962s] -- Up-to-date: /media/witcher/be8e6b9d-6c5f-43b6-8399-13e2698fc3d1/chap3/practice_ws/install/status_interfaces/lib/python3.12/site-packages/status_interfaces/status_interfaces_s__rosidl_typesupport_c.so
[0.962s] -- Up-to-date: /media/witcher/be8e6b9d-6c5f-43b6-8399-13e2698fc3d1/chap3/practice_ws/install/status_interfaces/lib/python3.12/site-packages/status_interfaces/__init__.py
[0.962s] -- Up-to-date: /media/witcher/be8e6b9d-6c5f-43b6-8399-13e2698fc3d1/chap3/practice_ws/install/status_interfaces/lib/python3.12/site-packages/status_interfaces/status_interfaces_s__rosidl_typesupport_introspection_c.so
[1.027s] Listing '/media/witcher/be8e6b9d-6c5f-43b6-8399-13e2698fc3d1/chap3/practice_ws/install/status_interfaces/lib/python3.12/site-packages/status_interfaces'...
[1.027s] Listing '/media/witcher/be8e6b9d-6c5f-43b6-8399-13e2698fc3d1/chap3/practice_ws/install/status_interfaces/lib/python3.12/site-packages/status_interfaces/msg'...
[1.034s] -- Up-to-date: /media/witcher/be8e6b9d-6c5f-43b6-8399-13e2698fc3d1/chap3/practice_ws/install/status_interfaces/lib/python3.12/site-packages/status_interfaces/status_interfaces_s__rosidl_typesupport_fastrtps_c.so
[1.036s] -- Up-to-date: /media/witcher/be8e6b9d-6c5f-43b6-8399-13e2698fc3d1/chap3/practice_ws/install/status_interfaces/lib/python3.12/site-packages/status_interfaces/status_interfaces_s__rosidl_typesupport_introspection_c.so
[1.037s] -- Up-to-date: /media/witcher/be8e6b9d-6c5f-43b6-8399-13e2698fc3d1/chap3/practice_ws/install/status_interfaces/lib/python3.12/site-packages/status_interfaces/status_interfaces_s__rosidl_typesupport_c.so
[1.039s] -- Up-to-date: /media/witcher/be8e6b9d-6c5f-43b6-8399-13e2698fc3d1/chap3/practice_ws/install/status_interfaces/lib/libstatus_interfaces__rosidl_generator_py.so
[1.040s] -- Up-to-date: /media/witcher/be8e6b9d-6c5f-43b6-8399-13e2698fc3d1/chap3/practice_ws/install/status_interfaces/share/status_interfaces/msg/SystemStatus.idl
[1.041s] -- Up-to-date: /media/witcher/be8e6b9d-6c5f-43b6-8399-13e2698fc3d1/chap3/practice_ws/install/status_interfaces/share/status_interfaces/msg/SystemStatus.msg
[1.041s] -- Up-to-date: /media/witcher/be8e6b9d-6c5f-43b6-8399-13e2698fc3d1/chap3/practice_ws/install/status_interfaces/share/ament_index/resource_index/package_run_dependencies/status_interfaces
[1.041s] -- Up-to-date: /media/witcher/be8e6b9d-6c5f-43b6-8399-13e2698fc3d1/chap3/practice_ws/install/status_interfaces/share/ament_index/resource_index/parent_prefix_path/status_interfaces
[1.042s] -- Up-to-date: /media/witcher/be8e6b9d-6c5f-43b6-8399-13e2698fc3d1/chap3/practice_ws/install/status_interfaces/share/status_interfaces/environment/ament_prefix_path.sh
[1.042s] -- Up-to-date: /media/witcher/be8e6b9d-6c5f-43b6-8399-13e2698fc3d1/chap3/practice_ws/install/status_interfaces/share/status_interfaces/environment/ament_prefix_path.dsv
[1.042s] -- Up-to-date: /media/witcher/be8e6b9d-6c5f-43b6-8399-13e2698fc3d1/chap3/practice_ws/install/status_interfaces/share/status_interfaces/environment/path.sh
[1.043s] -- Up-to-date: /media/witcher/be8e6b9d-6c5f-43b6-8399-13e2698fc3d1/chap3/practice_ws/install/status_interfaces/share/status_interfaces/environment/path.dsv
[1.043s] -- Up-to-date: /media/witcher/be8e6b9d-6c5f-43b6-8399-13e2698fc3d1/chap3/practice_ws/install/status_interfaces/share/status_interfaces/local_setup.bash
[1.043s] -- Up-to-date: /media/witcher/be8e6b9d-6c5f-43b6-8399-13e2698fc3d1/chap3/practice_ws/install/status_interfaces/share/status_interfaces/local_setup.sh
[1.043s] -- Up-to-date: /media/witcher/be8e6b9d-6c5f-43b6-8399-13e2698fc3d1/chap3/practice_ws/install/status_interfaces/share/status_interfaces/local_setup.zsh
[1.044s] -- Up-to-date: /media/witcher/be8e6b9d-6c5f-43b6-8399-13e2698fc3d1/chap3/practice_ws/install/status_interfaces/share/status_interfaces/local_setup.dsv
[1.044s] -- Installing: /media/witcher/be8e6b9d-6c5f-43b6-8399-13e2698fc3d1/chap3/practice_ws/install/status_interfaces/share/status_interfaces/package.dsv
[1.046s] -- Up-to-date: /media/witcher/be8e6b9d-6c5f-43b6-8399-13e2698fc3d1/chap3/practice_ws/install/status_interfaces/share/ament_index/resource_index/packages/status_interfaces
[1.053s] -- Up-to-date: /media/witcher/be8e6b9d-6c5f-43b6-8399-13e2698fc3d1/chap3/practice_ws/install/status_interfaces/share/status_interfaces/cmake/export_status_interfaces__rosidl_generator_cExport.cmake
[1.053s] -- Up-to-date: /media/witcher/be8e6b9d-6c5f-43b6-8399-13e2698fc3d1/chap3/practice_ws/install/status_interfaces/share/status_interfaces/cmake/export_status_interfaces__rosidl_generator_cExport-noconfig.cmake
[1.059s] -- Up-to-date: /media/witcher/be8e6b9d-6c5f-43b6-8399-13e2698fc3d1/chap3/practice_ws/install/status_interfaces/share/status_interfaces/cmake/export_status_interfaces__rosidl_typesupport_fastrtps_cExport.cmake
[1.060s] -- Up-to-date: /media/witcher/be8e6b9d-6c5f-43b6-8399-13e2698fc3d1/chap3/practice_ws/install/status_interfaces/share/status_interfaces/cmake/export_status_interfaces__rosidl_typesupport_fastrtps_cExport-noconfig.cmake
[1.065s] -- Up-to-date: /media/witcher/be8e6b9d-6c5f-43b6-8399-13e2698fc3d1/chap3/practice_ws/install/status_interfaces/share/status_interfaces/cmake/export_status_interfaces__rosidl_generator_cppExport.cmake
[1.071s] -- Up-to-date: /media/witcher/be8e6b9d-6c5f-43b6-8399-13e2698fc3d1/chap3/practice_ws/install/status_interfaces/share/status_interfaces/cmake/export_status_interfaces__rosidl_typesupport_fastrtps_cppExport.cmake
[1.071s] -- Up-to-date: /media/witcher/be8e6b9d-6c5f-43b6-8399-13e2698fc3d1/chap3/practice_ws/install/status_interfaces/share/status_interfaces/cmake/export_status_interfaces__rosidl_typesupport_fastrtps_cppExport-noconfig.cmake
[1.077s] -- Up-to-date: /media/witcher/be8e6b9d-6c5f-43b6-8399-13e2698fc3d1/chap3/practice_ws/install/status_interfaces/share/status_interfaces/cmake/status_interfaces__rosidl_typesupport_introspection_cExport.cmake
[1.078s] -- Up-to-date: /media/witcher/be8e6b9d-6c5f-43b6-8399-13e2698fc3d1/chap3/practice_ws/install/status_interfaces/share/status_interfaces/cmake/status_interfaces__rosidl_typesupport_introspection_cExport-noconfig.cmake
[1.083s] -- Up-to-date: /media/witcher/be8e6b9d-6c5f-43b6-8399-13e2698fc3d1/chap3/practice_ws/install/status_interfaces/share/status_interfaces/cmake/status_interfaces__rosidl_typesupport_cExport.cmake
[1.083s] -- Up-to-date: /media/witcher/be8e6b9d-6c5f-43b6-8399-13e2698fc3d1/chap3/practice_ws/install/status_interfaces/share/status_interfaces/cmake/status_interfaces__rosidl_typesupport_cExport-noconfig.cmake
[1.089s] -- Up-to-date: /media/witcher/be8e6b9d-6c5f-43b6-8399-13e2698fc3d1/chap3/practice_ws/install/status_interfaces/share/status_interfaces/cmake/status_interfaces__rosidl_typesupport_introspection_cppExport.cmake
[1.089s] -- Up-to-date: /media/witcher/be8e6b9d-6c5f-43b6-8399-13e2698fc3d1/chap3/practice_ws/install/status_interfaces/share/status_interfaces/cmake/status_interfaces__rosidl_typesupport_introspection_cppExport-noconfig.cmake
[1.095s] -- Up-to-date: /media/witcher/be8e6b9d-6c5f-43b6-8399-13e2698fc3d1/chap3/practice_ws/install/status_interfaces/share/status_interfaces/cmake/status_interfaces__rosidl_typesupport_cppExport.cmake
[1.095s] -- Up-to-date: /media/witcher/be8e6b9d-6c5f-43b6-8399-13e2698fc3d1/chap3/practice_ws/install/status_interfaces/share/status_interfaces/cmake/status_interfaces__rosidl_typesupport_cppExport-noconfig.cmake
[1.099s] -- Up-to-date: /media/witcher/be8e6b9d-6c5f-43b6-8399-13e2698fc3d1/chap3/practice_ws/install/status_interfaces/share/status_interfaces/cmake/export_status_interfaces__rosidl_generator_pyExport.cmake
[1.100s] -- Up-to-date: /media/witcher/be8e6b9d-6c5f-43b6-8399-13e2698fc3d1/chap3/practice_ws/install/status_interfaces/share/status_interfaces/cmake/export_status_interfaces__rosidl_generator_pyExport-noconfig.cmake
[1.100s] -- Up-to-date: /media/witcher/be8e6b9d-6c5f-43b6-8399-13e2698fc3d1/chap3/practice_ws/install/status_interfaces/share/status_interfaces/cmake/rosidl_cmake-extras.cmake
[1.100s] -- Up-to-date: /media/witcher/be8e6b9d-6c5f-43b6-8399-13e2698fc3d1/chap3/practice_ws/install/status_interfaces/share/status_interfaces/cmake/ament_cmake_export_dependencies-extras.cmake
[1.101s] -- Up-to-date: /media/witcher/be8e6b9d-6c5f-43b6-8399-13e2698fc3d1/chap3/practice_ws/install/status_interfaces/share/status_interfaces/cmake/ament_cmake_export_include_directories-extras.cmake
[1.101s] -- Up-to-date: /media/witcher/be8e6b9d-6c5f-43b6-8399-13e2698fc3d1/chap3/practice_ws/install/status_interfaces/share/status_interfaces/cmake/ament_cmake_export_libraries-extras.cmake
[1.101s] -- Up-to-date: /media/witcher/be8e6b9d-6c5f-43b6-8399-13e2698fc3d1/chap3/practice_ws/install/status_interfaces/share/status_interfaces/cmake/ament_cmake_export_targets-extras.cmake
[1.101s] -- Up-to-date: /media/witcher/be8e6b9d-6c5f-43b6-8399-13e2698fc3d1/chap3/practice_ws/install/status_interfaces/share/status_interfaces/cmake/rosidl_cmake_export_typesupport_targets-extras.cmake
[1.102s] -- Up-to-date: /media/witcher/be8e6b9d-6c5f-43b6-8399-13e2698fc3d1/chap3/practice_ws/install/status_interfaces/share/status_interfaces/cmake/rosidl_cmake_export_typesupport_libraries-extras.cmake
[1.102s] -- Up-to-date: /media/witcher/be8e6b9d-6c5f-43b6-8399-13e2698fc3d1/chap3/practice_ws/install/status_interfaces/share/status_interfaces/cmake/status_interfacesConfig.cmake
[1.102s] -- Up-to-date: /media/witcher/be8e6b9d-6c5f-43b6-8399-13e2698fc3d1/chap3/practice_ws/install/status_interfaces/share/status_interfaces/cmake/status_interfacesConfig-version.cmake
[1.102s] -- Up-to-date: /media/witcher/be8e6b9d-6c5f-43b6-8399-13e2698fc3d1/chap3/practice_ws/install/status_interfaces/share/status_interfaces/package.xml
[1.108s] Invoked command in '/media/witcher/be8e6b9d-6c5f-43b6-8399-13e2698fc3d1/chap3/practice_ws/build/status_interfaces' returned '0': CMAKE_PREFIX_PATH=${CMAKE_PREFIX_PATH}:/opt/ros/jazzy DEBUGINFOD_URLS=https://debuginfod.ubuntu.com /usr/bin/cmake --install /media/witcher/be8e6b9d-6c5f-43b6-8399-13e2698fc3d1/chap3/practice_ws/build/status_interfaces
