[1.060s] Invoking command in '/media/witcher/be8e6b9d-6c5f-43b6-8399-13e2698fc3d1/chap3/practice_ws/src/status_publisher': AMENT_PREFIX_PATH=/media/witcher/be8e6b9d-6c5f-43b6-8399-13e2698fc3d1/chap3/practice_ws/install/status_interfaces:${AMENT_PREFIX_PATH} CMAKE_PREFIX_PATH=/media/witcher/be8e6b9d-6c5f-43b6-8399-13e2698fc3d1/chap3/practice_ws/install/status_interfaces:${CMAKE_PREFIX_PATH} DEBUGINFOD_URLS=https://debuginfod.ubuntu.com LD_LIBRARY_PATH=/media/witcher/be8e6b9d-6c5f-43b6-8399-13e2698fc3d1/chap3/practice_ws/install/status_interfaces/lib:${LD_LIBRARY_PATH} PYTHONPATH=/media/witcher/be8e6b9d-6c5f-43b6-8399-13e2698fc3d1/chap3/practice_ws/build/status_publisher/prefix_override:/usr/lib/python3/dist-packages/colcon_core/task/python/colcon_distutils_commands:/media/witcher/be8e6b9d-6c5f-43b6-8399-13e2698fc3d1/chap3/practice_ws/install/status_publisher/lib/python3.12/site-packages:/media/witcher/be8e6b9d-6c5f-43b6-8399-13e2698fc3d1/chap3/practice_ws/install/status_interfaces/lib/python3.12/site-packages:${PYTHONPATH} /usr/bin/python3 -W ignore:setup.py install is deprecated -W ignore:easy_install command is deprecated setup.py egg_info --egg-base ../../build/status_publisher build --build-base /media/witcher/be8e6b9d-6c5f-43b6-8399-13e2698fc3d1/chap3/practice_ws/build/status_publisher/build install --record /media/witcher/be8e6b9d-6c5f-43b6-8399-13e2698fc3d1/chap3/practice_ws/build/status_publisher/install.log --single-version-externally-managed install_data
[1.274s] running egg_info
[1.290s] writing ../../build/status_publisher/status_publisher.egg-info/PKG-INFO
[1.290s] writing dependency_links to ../../build/status_publisher/status_publisher.egg-info/dependency_links.txt
[1.290s] writing entry points to ../../build/status_publisher/status_publisher.egg-info/entry_points.txt
[1.291s] writing requirements to ../../build/status_publisher/status_publisher.egg-info/requires.txt
[1.291s] writing top-level names to ../../build/status_publisher/status_publisher.egg-info/top_level.txt
[1.324s] reading manifest file '../../build/status_publisher/status_publisher.egg-info/SOURCES.txt'
[1.325s] adding license file 'LICENSE'
[1.325s] writing manifest file '../../build/status_publisher/status_publisher.egg-info/SOURCES.txt'
[1.326s] running build
[1.326s] running build_py
[1.326s] running install
[1.332s] running install_lib
[1.349s] running install_data
[1.349s] running install_egg_info
[1.367s] removing '/media/witcher/be8e6b9d-6c5f-43b6-8399-13e2698fc3d1/chap3/practice_ws/install/status_publisher/lib/python3.12/site-packages/status_publisher-0.0.0-py3.12.egg-info' (and everything under it)
[1.371s] Copying ../../build/status_publisher/status_publisher.egg-info to /media/witcher/be8e6b9d-6c5f-43b6-8399-13e2698fc3d1/chap3/practice_ws/install/status_publisher/lib/python3.12/site-packages/status_publisher-0.0.0-py3.12.egg-info
[1.371s] running install_scripts
[1.490s] Installing sys_status_pub script to /media/witcher/be8e6b9d-6c5f-43b6-8399-13e2698fc3d1/chap3/practice_ws/install/status_publisher/lib/status_publisher
[1.490s] writing list of installed files to '/media/witcher/be8e6b9d-6c5f-43b6-8399-13e2698fc3d1/chap3/practice_ws/build/status_publisher/install.log'
[1.522s] Invoked command in '/media/witcher/be8e6b9d-6c5f-43b6-8399-13e2698fc3d1/chap3/practice_ws/src/status_publisher' returned '0': AMENT_PREFIX_PATH=/media/witcher/be8e6b9d-6c5f-43b6-8399-13e2698fc3d1/chap3/practice_ws/install/status_interfaces:${AMENT_PREFIX_PATH} CMAKE_PREFIX_PATH=/media/witcher/be8e6b9d-6c5f-43b6-8399-13e2698fc3d1/chap3/practice_ws/install/status_interfaces:${CMAKE_PREFIX_PATH} DEBUGINFOD_URLS=https://debuginfod.ubuntu.com LD_LIBRARY_PATH=/media/witcher/be8e6b9d-6c5f-43b6-8399-13e2698fc3d1/chap3/practice_ws/install/status_interfaces/lib:${LD_LIBRARY_PATH} PYTHONPATH=/media/witcher/be8e6b9d-6c5f-43b6-8399-13e2698fc3d1/chap3/practice_ws/build/status_publisher/prefix_override:/usr/lib/python3/dist-packages/colcon_core/task/python/colcon_distutils_commands:/media/witcher/be8e6b9d-6c5f-43b6-8399-13e2698fc3d1/chap3/practice_ws/install/status_publisher/lib/python3.12/site-packages:/media/witcher/be8e6b9d-6c5f-43b6-8399-13e2698fc3d1/chap3/practice_ws/install/status_interfaces/lib/python3.12/site-packages:${PYTHONPATH} /usr/bin/python3 -W ignore:setup.py install is deprecated -W ignore:easy_install command is deprecated setup.py egg_info --egg-base ../../build/status_publisher build --build-base /media/witcher/be8e6b9d-6c5f-43b6-8399-13e2698fc3d1/chap3/practice_ws/build/status_publisher/build install --record /media/witcher/be8e6b9d-6c5f-43b6-8399-13e2698fc3d1/chap3/practice_ws/build/status_publisher/install.log --single-version-externally-managed install_data
