[0.957s] Invoking command in '/media/witcher/be8e6b9d-6c5f-43b6-8399-13e2698fc3d1/chap3/practice_ws/src/status_publisher': DEBUGINFOD_URLS=https://debuginfod.ubuntu.com PYTHONPATH=/media/witcher/be8e6b9d-6c5f-43b6-8399-13e2698fc3d1/chap3/practice_ws/build/status_publisher/prefix_override:/usr/lib/python3/dist-packages/colcon_core/task/python/colcon_distutils_commands:/media/witcher/be8e6b9d-6c5f-43b6-8399-13e2698fc3d1/chap3/practice_ws/install/status_publisher/lib/python3.12/site-packages:/media/witcher/be8e6b9d-6c5f-43b6-8399-13e2698fc3d1/chap3/practice_ws/install/status_interfaces/lib/python3.12/site-packages:/media/witcher/be8e6b9d-6c5f-43b6-8399-13e2698fc3d1/chap3/practice_ws/install/status_publisher/lib/python3.12/site-packages:/opt/ros/jazzy/lib/python3.12/site-packages /usr/bin/python3 -W ignore:setup.py install is deprecated -W ignore:easy_install command is deprecated setup.py egg_info --egg-base ../../build/status_publisher build --build-base /media/witcher/be8e6b9d-6c5f-43b6-8399-13e2698fc3d1/chap3/practice_ws/build/status_publisher/build install --record /media/witcher/be8e6b9d-6c5f-43b6-8399-13e2698fc3d1/chap3/practice_ws/build/status_publisher/install.log --single-version-externally-managed install_data
[1.259s] running egg_info
[1.280s] writing ../../build/status_publisher/status_publisher.egg-info/PKG-INFO
[1.280s] writing dependency_links to ../../build/status_publisher/status_publisher.egg-info/dependency_links.txt
[1.281s] writing entry points to ../../build/status_publisher/status_publisher.egg-info/entry_points.txt
[1.282s] writing requirements to ../../build/status_publisher/status_publisher.egg-info/requires.txt
[1.282s] writing top-level names to ../../build/status_publisher/status_publisher.egg-info/top_level.txt
[1.327s] reading manifest file '../../build/status_publisher/status_publisher.egg-info/SOURCES.txt'
[1.328s] adding license file 'LICENSE'
[1.329s] writing manifest file '../../build/status_publisher/status_publisher.egg-info/SOURCES.txt'
[1.329s] running build
[1.329s] running build_py
[1.330s] copying status_publisher/sys_status_pub.py -> /media/witcher/be8e6b9d-6c5f-43b6-8399-13e2698fc3d1/chap3/practice_ws/build/status_publisher/build/lib/status_publisher
[1.331s] running install
[1.335s] running install_lib
[1.357s] copying /media/witcher/be8e6b9d-6c5f-43b6-8399-13e2698fc3d1/chap3/practice_ws/build/status_publisher/build/lib/status_publisher/sys_status_pub.py -> /media/witcher/be8e6b9d-6c5f-43b6-8399-13e2698fc3d1/chap3/practice_ws/install/status_publisher/lib/python3.12/site-packages/status_publisher
[1.358s] byte-compiling /media/witcher/be8e6b9d-6c5f-43b6-8399-13e2698fc3d1/chap3/practice_ws/install/status_publisher/lib/python3.12/site-packages/status_publisher/sys_status_pub.py to sys_status_pub.cpython-312.pyc
[1.359s] running install_data
[1.360s] running install_egg_info
[1.383s] removing '/media/witcher/be8e6b9d-6c5f-43b6-8399-13e2698fc3d1/chap3/practice_ws/install/status_publisher/lib/python3.12/site-packages/status_publisher-0.0.0-py3.12.egg-info' (and everything under it)
[1.384s] Copying ../../build/status_publisher/status_publisher.egg-info to /media/witcher/be8e6b9d-6c5f-43b6-8399-13e2698fc3d1/chap3/practice_ws/install/status_publisher/lib/python3.12/site-packages/status_publisher-0.0.0-py3.12.egg-info
[1.386s] running install_scripts
[1.566s] Installing sys_status_pub script to /media/witcher/be8e6b9d-6c5f-43b6-8399-13e2698fc3d1/chap3/practice_ws/install/status_publisher/lib/status_publisher
[1.567s] writing list of installed files to '/media/witcher/be8e6b9d-6c5f-43b6-8399-13e2698fc3d1/chap3/practice_ws/build/status_publisher/install.log'
[1.586s] Invoked command in '/media/witcher/be8e6b9d-6c5f-43b6-8399-13e2698fc3d1/chap3/practice_ws/src/status_publisher' returned '0': DEBUGINFOD_URLS=https://debuginfod.ubuntu.com PYTHONPATH=/media/witcher/be8e6b9d-6c5f-43b6-8399-13e2698fc3d1/chap3/practice_ws/build/status_publisher/prefix_override:/usr/lib/python3/dist-packages/colcon_core/task/python/colcon_distutils_commands:/media/witcher/be8e6b9d-6c5f-43b6-8399-13e2698fc3d1/chap3/practice_ws/install/status_publisher/lib/python3.12/site-packages:/media/witcher/be8e6b9d-6c5f-43b6-8399-13e2698fc3d1/chap3/practice_ws/install/status_interfaces/lib/python3.12/site-packages:/media/witcher/be8e6b9d-6c5f-43b6-8399-13e2698fc3d1/chap3/practice_ws/install/status_publisher/lib/python3.12/site-packages:/opt/ros/jazzy/lib/python3.12/site-packages /usr/bin/python3 -W ignore:setup.py install is deprecated -W ignore:easy_install command is deprecated setup.py egg_info --egg-base ../../build/status_publisher build --build-base /media/witcher/be8e6b9d-6c5f-43b6-8399-13e2698fc3d1/chap3/practice_ws/build/status_publisher/build install --record /media/witcher/be8e6b9d-6c5f-43b6-8399-13e2698fc3d1/chap3/practice_ws/build/status_publisher/install.log --single-version-externally-managed install_data
