[0.027s] Invoking command in '/media/witcher/be8e6b9d-6c5f-43b6-8399-13e2698fc3d1/chap3/practice_ws/build/status_interfaces': CMAKE_PREFIX_PATH=${CMAKE_PREFIX_PATH}:/media/witcher/be8e6b9d-6c5f-43b6-8399-13e2698fc3d1/chap3/practice_ws/install/status_publisher:/opt/ros/jazzy DEBUGINFOD_URLS=https://debuginfod.ubuntu.com /usr/bin/cmake --build /media/witcher/be8e6b9d-6c5f-43b6-8399-13e2698fc3d1/chap3/practice_ws/build/status_interfaces -- -j8 -l8
[0.159s] [  2%] Built target status_interfaces__rosidl_generator_type_description
[0.181s] [  2%] Built target ament_cmake_python_copy_status_interfaces
[0.204s] [  5%] Built target status_interfaces__cpp
[0.210s] [ 20%] Built target status_interfaces__rosidl_generator_c
[0.269s] [ 29%] Built target status_interfaces__rosidl_typesupport_introspection_c
[0.272s] [ 38%] Built target status_interfaces__rosidl_typesupport_c
[0.273s] [ 47%] Built target status_interfaces__rosidl_typesupport_fastrtps_c
[0.278s] [ 64%] Built target status_interfaces__rosidl_typesupport_fastrtps_cpp
[0.278s] [ 64%] Built target status_interfaces__rosidl_typesupport_introspection_cpp
[0.283s] [ 73%] Built target status_interfaces__rosidl_typesupport_cpp
[0.323s] [ 73%] Built target status_interfaces
[0.382s] [ 76%] Built target status_interfaces__py
[0.441s] [ 82%] Built target status_interfaces__rosidl_generator_py
[0.485s] running egg_info
[0.501s] [ 88%] Built target status_interfaces_s__rosidl_typesupport_introspection_c
[0.502s] [ 94%] Built target status_interfaces_s__rosidl_typesupport_fastrtps_c
[0.505s] [100%] Built target status_interfaces_s__rosidl_typesupport_c
[0.512s] writing status_interfaces.egg-info/PKG-INFO
[0.513s] writing dependency_links to status_interfaces.egg-info/dependency_links.txt
[0.516s] writing top-level names to status_interfaces.egg-info/top_level.txt
[0.588s] reading manifest file 'status_interfaces.egg-info/SOURCES.txt'
[0.590s] writing manifest file 'status_interfaces.egg-info/SOURCES.txt'
[0.625s] [100%] Built target ament_cmake_python_build_status_interfaces_egg
[0.652s] Invoked command in '/media/witcher/be8e6b9d-6c5f-43b6-8399-13e2698fc3d1/chap3/practice_ws/build/status_interfaces' returned '0': CMAKE_PREFIX_PATH=${CMAKE_PREFIX_PATH}:/media/witcher/be8e6b9d-6c5f-43b6-8399-13e2698fc3d1/chap3/practice_ws/install/status_publisher:/opt/ros/jazzy DEBUGINFOD_URLS=https://debuginfod.ubuntu.com /usr/bin/cmake --build /media/witcher/be8e6b9d-6c5f-43b6-8399-13e2698fc3d1/chap3/practice_ws/build/status_interfaces -- -j8 -l8
[0.670s] Invoking command in '/media/witcher/be8e6b9d-6c5f-43b6-8399-13e2698fc3d1/chap3/practice_ws/build/status_interfaces': CMAKE_PREFIX_PATH=${CMAKE_PREFIX_PATH}:/media/witcher/be8e6b9d-6c5f-43b6-8399-13e2698fc3d1/chap3/practice_ws/install/status_publisher:/opt/ros/jazzy DEBUGINFOD_URLS=https://debuginfod.ubuntu.com /usr/bin/cmake --install /media/witcher/be8e6b9d-6c5f-43b6-8399-13e2698fc3d1/chap3/practice_ws/build/status_interfaces
[0.686s] -- Install configuration: ""
[0.687s] -- Up-to-date: /media/witcher/be8e6b9d-6c5f-43b6-8399-13e2698fc3d1/chap3/practice_ws/install/status_interfaces/share/ament_index/resource_index/rosidl_interfaces/status_interfaces
[0.687s] -- Up-to-date: /media/witcher/be8e6b9d-6c5f-43b6-8399-13e2698fc3d1/chap3/practice_ws/install/status_interfaces/share/status_interfaces/msg/SystemStatus.json
[0.688s] -- Up-to-date: /media/witcher/be8e6b9d-6c5f-43b6-8399-13e2698fc3d1/chap3/practice_ws/install/status_interfaces/include/status_interfaces/status_interfaces
[0.689s] -- Up-to-date: /media/witcher/be8e6b9d-6c5f-43b6-8399-13e2698fc3d1/chap3/practice_ws/install/status_interfaces/include/status_interfaces/status_interfaces/msg
[0.689s] -- Up-to-date: /media/witcher/be8e6b9d-6c5f-43b6-8399-13e2698fc3d1/chap3/practice_ws/install/status_interfaces/include/status_interfaces/status_interfaces/msg/system_status.h
[0.690s] -- Up-to-date: /media/witcher/be8e6b9d-6c5f-43b6-8399-13e2698fc3d1/chap3/practice_ws/install/status_interfaces/include/status_interfaces/status_interfaces/msg/rosidl_generator_c__visibility_control.h
[0.690s] -- Up-to-date: /media/witcher/be8e6b9d-6c5f-43b6-8399-13e2698fc3d1/chap3/practice_ws/install/status_interfaces/include/status_interfaces/status_interfaces/msg/detail
[0.690s] -- Up-to-date: /media/witcher/be8e6b9d-6c5f-43b6-8399-13e2698fc3d1/chap3/practice_ws/install/status_interfaces/include/status_interfaces/status_interfaces/msg/detail/system_status__functions.c
[0.691s] -- Up-to-date: /media/witcher/be8e6b9d-6c5f-43b6-8399-13e2698fc3d1/chap3/practice_ws/install/status_interfaces/include/status_interfaces/status_interfaces/msg/detail/system_status__description.c
[0.691s] -- Up-to-date: /media/witcher/be8e6b9d-6c5f-43b6-8399-13e2698fc3d1/chap3/practice_ws/install/status_interfaces/include/status_interfaces/status_interfaces/msg/detail/system_status__type_support.c
[0.691s] -- Up-to-date: /media/witcher/be8e6b9d-6c5f-43b6-8399-13e2698fc3d1/chap3/practice_ws/install/status_interfaces/include/status_interfaces/status_interfaces/msg/detail/system_status__struct.h
[0.692s] -- Up-to-date: /media/witcher/be8e6b9d-6c5f-43b6-8399-13e2698fc3d1/chap3/practice_ws/install/status_interfaces/include/status_interfaces/status_interfaces/msg/detail/system_status__functions.h
[0.692s] -- Up-to-date: /media/witcher/be8e6b9d-6c5f-43b6-8399-13e2698fc3d1/chap3/practice_ws/install/status_interfaces/include/status_interfaces/status_interfaces/msg/detail/system_status__type_support.h
[0.692s] -- Up-to-date: /media/witcher/be8e6b9d-6c5f-43b6-8399-13e2698fc3d1/chap3/practice_ws/install/status_interfaces/share/status_interfaces/environment/library_path.sh
[0.692s] -- Up-to-date: /media/witcher/be8e6b9d-6c5f-43b6-8399-13e2698fc3d1/chap3/practice_ws/install/status_interfaces/share/status_interfaces/environment/library_path.dsv
[0.693s] -- Up-to-date: /media/witcher/be8e6b9d-6c5f-43b6-8399-13e2698fc3d1/chap3/practice_ws/install/status_interfaces/lib/libstatus_interfaces__rosidl_generator_c.so
[0.695s] -- Up-to-date: /media/witcher/be8e6b9d-6c5f-43b6-8399-13e2698fc3d1/chap3/practice_ws/install/status_interfaces/include/status_interfaces/status_interfaces
[0.695s] -- Up-to-date: /media/witcher/be8e6b9d-6c5f-43b6-8399-13e2698fc3d1/chap3/practice_ws/install/status_interfaces/include/status_interfaces/status_interfaces/msg
[0.696s] -- Up-to-date: /media/witcher/be8e6b9d-6c5f-43b6-8399-13e2698fc3d1/chap3/practice_ws/install/status_interfaces/include/status_interfaces/status_interfaces/msg/rosidl_typesupport_fastrtps_c__visibility_control.h
[0.696s] -- Up-to-date: /media/witcher/be8e6b9d-6c5f-43b6-8399-13e2698fc3d1/chap3/practice_ws/install/status_interfaces/include/status_interfaces/status_interfaces/msg/detail
[0.696s] -- Up-to-date: /media/witcher/be8e6b9d-6c5f-43b6-8399-13e2698fc3d1/chap3/practice_ws/install/status_interfaces/include/status_interfaces/status_interfaces/msg/detail/system_status__rosidl_typesupport_fastrtps_c.h
[0.696s] -- Up-to-date: /media/witcher/be8e6b9d-6c5f-43b6-8399-13e2698fc3d1/chap3/practice_ws/install/status_interfaces/lib/libstatus_interfaces__rosidl_typesupport_fastrtps_c.so
[0.697s] -- Up-to-date: /media/witcher/be8e6b9d-6c5f-43b6-8399-13e2698fc3d1/chap3/practice_ws/install/status_interfaces/include/status_interfaces/status_interfaces
[0.698s] -- Up-to-date: /media/witcher/be8e6b9d-6c5f-43b6-8399-13e2698fc3d1/chap3/practice_ws/install/status_interfaces/include/status_interfaces/status_interfaces/msg
[0.698s] -- Up-to-date: /media/witcher/be8e6b9d-6c5f-43b6-8399-13e2698fc3d1/chap3/practice_ws/install/status_interfaces/include/status_interfaces/status_interfaces/msg/rosidl_generator_cpp__visibility_control.hpp
[0.698s] -- Up-to-date: /media/witcher/be8e6b9d-6c5f-43b6-8399-13e2698fc3d1/chap3/practice_ws/install/status_interfaces/include/status_interfaces/status_interfaces/msg/system_status.hpp
[0.698s] -- Up-to-date: /media/witcher/be8e6b9d-6c5f-43b6-8399-13e2698fc3d1/chap3/practice_ws/install/status_interfaces/include/status_interfaces/status_interfaces/msg/detail
[0.699s] -- Up-to-date: /media/witcher/be8e6b9d-6c5f-43b6-8399-13e2698fc3d1/chap3/practice_ws/install/status_interfaces/include/status_interfaces/status_interfaces/msg/detail/system_status__type_support.hpp
[0.699s] -- Up-to-date: /media/witcher/be8e6b9d-6c5f-43b6-8399-13e2698fc3d1/chap3/practice_ws/install/status_interfaces/include/status_interfaces/status_interfaces/msg/detail/system_status__traits.hpp
[0.699s] -- Up-to-date: /media/witcher/be8e6b9d-6c5f-43b6-8399-13e2698fc3d1/chap3/practice_ws/install/status_interfaces/include/status_interfaces/status_interfaces/msg/detail/system_status__struct.hpp
[0.700s] -- Up-to-date: /media/witcher/be8e6b9d-6c5f-43b6-8399-13e2698fc3d1/chap3/practice_ws/install/status_interfaces/include/status_interfaces/status_interfaces/msg/detail/system_status__builder.hpp
[0.700s] -- Up-to-date: /media/witcher/be8e6b9d-6c5f-43b6-8399-13e2698fc3d1/chap3/practice_ws/install/status_interfaces/include/status_interfaces/status_interfaces
[0.700s] -- Up-to-date: /media/witcher/be8e6b9d-6c5f-43b6-8399-13e2698fc3d1/chap3/practice_ws/install/status_interfaces/include/status_interfaces/status_interfaces/msg
[0.700s] -- Up-to-date: /media/witcher/be8e6b9d-6c5f-43b6-8399-13e2698fc3d1/chap3/practice_ws/install/status_interfaces/include/status_interfaces/status_interfaces/msg/rosidl_typesupport_fastrtps_cpp__visibility_control.h
[0.700s] -- Up-to-date: /media/witcher/be8e6b9d-6c5f-43b6-8399-13e2698fc3d1/chap3/practice_ws/install/status_interfaces/include/status_interfaces/status_interfaces/msg/detail
[0.700s] -- Up-to-date: /media/witcher/be8e6b9d-6c5f-43b6-8399-13e2698fc3d1/chap3/practice_ws/install/status_interfaces/include/status_interfaces/status_interfaces/msg/detail/system_status__rosidl_typesupport_fastrtps_cpp.hpp
[0.701s] -- Up-to-date: /media/witcher/be8e6b9d-6c5f-43b6-8399-13e2698fc3d1/chap3/practice_ws/install/status_interfaces/include/status_interfaces/status_interfaces/msg/detail/dds_fastrtps
[0.701s] -- Up-to-date: /media/witcher/be8e6b9d-6c5f-43b6-8399-13e2698fc3d1/chap3/practice_ws/install/status_interfaces/lib/libstatus_interfaces__rosidl_typesupport_fastrtps_cpp.so
[0.702s] -- Up-to-date: /media/witcher/be8e6b9d-6c5f-43b6-8399-13e2698fc3d1/chap3/practice_ws/install/status_interfaces/include/status_interfaces/status_interfaces
[0.703s] -- Up-to-date: /media/witcher/be8e6b9d-6c5f-43b6-8399-13e2698fc3d1/chap3/practice_ws/install/status_interfaces/include/status_interfaces/status_interfaces/msg
[0.703s] -- Up-to-date: /media/witcher/be8e6b9d-6c5f-43b6-8399-13e2698fc3d1/chap3/practice_ws/install/status_interfaces/include/status_interfaces/status_interfaces/msg/rosidl_typesupport_introspection_c__visibility_control.h
[0.703s] -- Up-to-date: /media/witcher/be8e6b9d-6c5f-43b6-8399-13e2698fc3d1/chap3/practice_ws/install/status_interfaces/include/status_interfaces/status_interfaces/msg/detail
[0.704s] -- Up-to-date: /media/witcher/be8e6b9d-6c5f-43b6-8399-13e2698fc3d1/chap3/practice_ws/install/status_interfaces/include/status_interfaces/status_interfaces/msg/detail/system_status__type_support.c
[0.704s] -- Up-to-date: /media/witcher/be8e6b9d-6c5f-43b6-8399-13e2698fc3d1/chap3/practice_ws/install/status_interfaces/include/status_interfaces/status_interfaces/msg/detail/system_status__rosidl_typesupport_introspection_c.h
[0.704s] -- Up-to-date: /media/witcher/be8e6b9d-6c5f-43b6-8399-13e2698fc3d1/chap3/practice_ws/install/status_interfaces/lib/libstatus_interfaces__rosidl_typesupport_introspection_c.so
[0.705s] -- Up-to-date: /media/witcher/be8e6b9d-6c5f-43b6-8399-13e2698fc3d1/chap3/practice_ws/install/status_interfaces/lib/libstatus_interfaces__rosidl_typesupport_c.so
[0.706s] -- Up-to-date: /media/witcher/be8e6b9d-6c5f-43b6-8399-13e2698fc3d1/chap3/practice_ws/install/status_interfaces/include/status_interfaces/status_interfaces
[0.707s] -- Up-to-date: /media/witcher/be8e6b9d-6c5f-43b6-8399-13e2698fc3d1/chap3/practice_ws/install/status_interfaces/include/status_interfaces/status_interfaces/msg
[0.707s] -- Up-to-date: /media/witcher/be8e6b9d-6c5f-43b6-8399-13e2698fc3d1/chap3/practice_ws/install/status_interfaces/include/status_interfaces/status_interfaces/msg/detail
[0.707s] -- Up-to-date: /media/witcher/be8e6b9d-6c5f-43b6-8399-13e2698fc3d1/chap3/practice_ws/install/status_interfaces/include/status_interfaces/status_interfaces/msg/detail/system_status__type_support.cpp
[0.707s] -- Up-to-date: /media/witcher/be8e6b9d-6c5f-43b6-8399-13e2698fc3d1/chap3/practice_ws/install/status_interfaces/include/status_interfaces/status_interfaces/msg/detail/system_status__rosidl_typesupport_introspection_cpp.hpp
[0.708s] -- Up-to-date: /media/witcher/be8e6b9d-6c5f-43b6-8399-13e2698fc3d1/chap3/practice_ws/install/status_interfaces/lib/libstatus_interfaces__rosidl_typesupport_introspection_cpp.so
[0.710s] -- Up-to-date: /media/witcher/be8e6b9d-6c5f-43b6-8399-13e2698fc3d1/chap3/practice_ws/install/status_interfaces/lib/libstatus_interfaces__rosidl_typesupport_cpp.so
[0.711s] -- Up-to-date: /media/witcher/be8e6b9d-6c5f-43b6-8399-13e2698fc3d1/chap3/practice_ws/install/status_interfaces/share/status_interfaces/environment/pythonpath.sh
[0.711s] -- Up-to-date: /media/witcher/be8e6b9d-6c5f-43b6-8399-13e2698fc3d1/chap3/practice_ws/install/status_interfaces/share/status_interfaces/environment/pythonpath.dsv
[0.711s] -- Up-to-date: /media/witcher/be8e6b9d-6c5f-43b6-8399-13e2698fc3d1/chap3/practice_ws/install/status_interfaces/lib/python3.12/site-packages/status_interfaces-0.0.0-py3.12.egg-info
[0.712s] -- Installing: /media/witcher/be8e6b9d-6c5f-43b6-8399-13e2698fc3d1/chap3/practice_ws/install/status_interfaces/lib/python3.12/site-packages/status_interfaces-0.0.0-py3.12.egg-info/top_level.txt
[0.712s] -- Installing: /media/witcher/be8e6b9d-6c5f-43b6-8399-13e2698fc3d1/chap3/practice_ws/install/status_interfaces/lib/python3.12/site-packages/status_interfaces-0.0.0-py3.12.egg-info/PKG-INFO
[0.712s] -- Installing: /media/witcher/be8e6b9d-6c5f-43b6-8399-13e2698fc3d1/chap3/practice_ws/install/status_interfaces/lib/python3.12/site-packages/status_interfaces-0.0.0-py3.12.egg-info/dependency_links.txt
[0.713s] -- Installing: /media/witcher/be8e6b9d-6c5f-43b6-8399-13e2698fc3d1/chap3/practice_ws/install/status_interfaces/lib/python3.12/site-packages/status_interfaces-0.0.0-py3.12.egg-info/SOURCES.txt
[0.713s] -- Up-to-date: /media/witcher/be8e6b9d-6c5f-43b6-8399-13e2698fc3d1/chap3/practice_ws/install/status_interfaces/lib/python3.12/site-packages/status_interfaces
[0.713s] -- Up-to-date: /media/witcher/be8e6b9d-6c5f-43b6-8399-13e2698fc3d1/chap3/practice_ws/install/status_interfaces/lib/python3.12/site-packages/status_interfaces/msg
[0.714s] -- Up-to-date: /media/witcher/be8e6b9d-6c5f-43b6-8399-13e2698fc3d1/chap3/practice_ws/install/status_interfaces/lib/python3.12/site-packages/status_interfaces/msg/_system_status_s.c
[0.714s] -- Up-to-date: /media/witcher/be8e6b9d-6c5f-43b6-8399-13e2698fc3d1/chap3/practice_ws/install/status_interfaces/lib/python3.12/site-packages/status_interfaces/msg/_system_status.py
[0.714s] -- Up-to-date: /media/witcher/be8e6b9d-6c5f-43b6-8399-13e2698fc3d1/chap3/practice_ws/install/status_interfaces/lib/python3.12/site-packages/status_interfaces/msg/__init__.py
[0.714s] -- Up-to-date: /media/witcher/be8e6b9d-6c5f-43b6-8399-13e2698fc3d1/chap3/practice_ws/install/status_interfaces/lib/python3.12/site-packages/status_interfaces/_status_interfaces_s.ep.rosidl_typesupport_introspection_c.c
[0.715s] -- Up-to-date: /media/witcher/be8e6b9d-6c5f-43b6-8399-13e2698fc3d1/chap3/practice_ws/install/status_interfaces/lib/python3.12/site-packages/status_interfaces/status_interfaces_s__rosidl_typesupport_fastrtps_c.so
[0.715s] -- Up-to-date: /media/witcher/be8e6b9d-6c5f-43b6-8399-13e2698fc3d1/chap3/practice_ws/install/status_interfaces/lib/python3.12/site-packages/status_interfaces/_status_interfaces_s.ep.rosidl_typesupport_fastrtps_c.c
[0.715s] -- Up-to-date: /media/witcher/be8e6b9d-6c5f-43b6-8399-13e2698fc3d1/chap3/practice_ws/install/status_interfaces/lib/python3.12/site-packages/status_interfaces/_status_interfaces_s.ep.rosidl_typesupport_c.c
[0.716s] -- Up-to-date: /media/witcher/be8e6b9d-6c5f-43b6-8399-13e2698fc3d1/chap3/practice_ws/install/status_interfaces/lib/python3.12/site-packages/status_interfaces/status_interfaces_s__rosidl_typesupport_c.so
[0.716s] -- Up-to-date: /media/witcher/be8e6b9d-6c5f-43b6-8399-13e2698fc3d1/chap3/practice_ws/install/status_interfaces/lib/python3.12/site-packages/status_interfaces/__init__.py
[0.716s] -- Up-to-date: /media/witcher/be8e6b9d-6c5f-43b6-8399-13e2698fc3d1/chap3/practice_ws/install/status_interfaces/lib/python3.12/site-packages/status_interfaces/status_interfaces_s__rosidl_typesupport_introspection_c.so
[0.765s] Listing '/media/witcher/be8e6b9d-6c5f-43b6-8399-13e2698fc3d1/chap3/practice_ws/install/status_interfaces/lib/python3.12/site-packages/status_interfaces'...
[0.765s] Listing '/media/witcher/be8e6b9d-6c5f-43b6-8399-13e2698fc3d1/chap3/practice_ws/install/status_interfaces/lib/python3.12/site-packages/status_interfaces/msg'...
[0.770s] -- Up-to-date: /media/witcher/be8e6b9d-6c5f-43b6-8399-13e2698fc3d1/chap3/practice_ws/install/status_interfaces/lib/python3.12/site-packages/status_interfaces/status_interfaces_s__rosidl_typesupport_fastrtps_c.so
[0.772s] -- Up-to-date: /media/witcher/be8e6b9d-6c5f-43b6-8399-13e2698fc3d1/chap3/practice_ws/install/status_interfaces/lib/python3.12/site-packages/status_interfaces/status_interfaces_s__rosidl_typesupport_introspection_c.so
[0.773s] -- Up-to-date: /media/witcher/be8e6b9d-6c5f-43b6-8399-13e2698fc3d1/chap3/practice_ws/install/status_interfaces/lib/python3.12/site-packages/status_interfaces/status_interfaces_s__rosidl_typesupport_c.so
[0.775s] -- Up-to-date: /media/witcher/be8e6b9d-6c5f-43b6-8399-13e2698fc3d1/chap3/practice_ws/install/status_interfaces/lib/libstatus_interfaces__rosidl_generator_py.so
[0.776s] -- Up-to-date: /media/witcher/be8e6b9d-6c5f-43b6-8399-13e2698fc3d1/chap3/practice_ws/install/status_interfaces/share/status_interfaces/msg/SystemStatus.idl
[0.777s] -- Up-to-date: /media/witcher/be8e6b9d-6c5f-43b6-8399-13e2698fc3d1/chap3/practice_ws/install/status_interfaces/share/status_interfaces/msg/SystemStatus.msg
[0.777s] -- Up-to-date: /media/witcher/be8e6b9d-6c5f-43b6-8399-13e2698fc3d1/chap3/practice_ws/install/status_interfaces/share/ament_index/resource_index/package_run_dependencies/status_interfaces
[0.777s] -- Up-to-date: /media/witcher/be8e6b9d-6c5f-43b6-8399-13e2698fc3d1/chap3/practice_ws/install/status_interfaces/share/ament_index/resource_index/parent_prefix_path/status_interfaces
[0.778s] -- Up-to-date: /media/witcher/be8e6b9d-6c5f-43b6-8399-13e2698fc3d1/chap3/practice_ws/install/status_interfaces/share/status_interfaces/environment/ament_prefix_path.sh
[0.778s] -- Up-to-date: /media/witcher/be8e6b9d-6c5f-43b6-8399-13e2698fc3d1/chap3/practice_ws/install/status_interfaces/share/status_interfaces/environment/ament_prefix_path.dsv
[0.778s] -- Up-to-date: /media/witcher/be8e6b9d-6c5f-43b6-8399-13e2698fc3d1/chap3/practice_ws/install/status_interfaces/share/status_interfaces/environment/path.sh
[0.778s] -- Up-to-date: /media/witcher/be8e6b9d-6c5f-43b6-8399-13e2698fc3d1/chap3/practice_ws/install/status_interfaces/share/status_interfaces/environment/path.dsv
[0.778s] -- Up-to-date: /media/witcher/be8e6b9d-6c5f-43b6-8399-13e2698fc3d1/chap3/practice_ws/install/status_interfaces/share/status_interfaces/local_setup.bash
[0.779s] -- Up-to-date: /media/witcher/be8e6b9d-6c5f-43b6-8399-13e2698fc3d1/chap3/practice_ws/install/status_interfaces/share/status_interfaces/local_setup.sh
[0.779s] -- Up-to-date: /media/witcher/be8e6b9d-6c5f-43b6-8399-13e2698fc3d1/chap3/practice_ws/install/status_interfaces/share/status_interfaces/local_setup.zsh
[0.779s] -- Up-to-date: /media/witcher/be8e6b9d-6c5f-43b6-8399-13e2698fc3d1/chap3/practice_ws/install/status_interfaces/share/status_interfaces/local_setup.dsv
[0.779s] -- Installing: /media/witcher/be8e6b9d-6c5f-43b6-8399-13e2698fc3d1/chap3/practice_ws/install/status_interfaces/share/status_interfaces/package.dsv
[0.780s] -- Up-to-date: /media/witcher/be8e6b9d-6c5f-43b6-8399-13e2698fc3d1/chap3/practice_ws/install/status_interfaces/share/ament_index/resource_index/packages/status_interfaces
[0.781s] -- Up-to-date: /media/witcher/be8e6b9d-6c5f-43b6-8399-13e2698fc3d1/chap3/practice_ws/install/status_interfaces/share/status_interfaces/cmake/export_status_interfaces__rosidl_generator_cExport.cmake
[0.781s] -- Up-to-date: /media/witcher/be8e6b9d-6c5f-43b6-8399-13e2698fc3d1/chap3/practice_ws/install/status_interfaces/share/status_interfaces/cmake/export_status_interfaces__rosidl_generator_cExport-noconfig.cmake
[0.782s] -- Up-to-date: /media/witcher/be8e6b9d-6c5f-43b6-8399-13e2698fc3d1/chap3/practice_ws/install/status_interfaces/share/status_interfaces/cmake/export_status_interfaces__rosidl_typesupport_fastrtps_cExport.cmake
[0.783s] -- Up-to-date: /media/witcher/be8e6b9d-6c5f-43b6-8399-13e2698fc3d1/chap3/practice_ws/install/status_interfaces/share/status_interfaces/cmake/export_status_interfaces__rosidl_typesupport_fastrtps_cExport-noconfig.cmake
[0.783s] -- Up-to-date: /media/witcher/be8e6b9d-6c5f-43b6-8399-13e2698fc3d1/chap3/practice_ws/install/status_interfaces/share/status_interfaces/cmake/export_status_interfaces__rosidl_generator_cppExport.cmake
[0.784s] -- Up-to-date: /media/witcher/be8e6b9d-6c5f-43b6-8399-13e2698fc3d1/chap3/practice_ws/install/status_interfaces/share/status_interfaces/cmake/export_status_interfaces__rosidl_typesupport_fastrtps_cppExport.cmake
[0.785s] -- Up-to-date: /media/witcher/be8e6b9d-6c5f-43b6-8399-13e2698fc3d1/chap3/practice_ws/install/status_interfaces/share/status_interfaces/cmake/export_status_interfaces__rosidl_typesupport_fastrtps_cppExport-noconfig.cmake
[0.786s] -- Up-to-date: /media/witcher/be8e6b9d-6c5f-43b6-8399-13e2698fc3d1/chap3/practice_ws/install/status_interfaces/share/status_interfaces/cmake/status_interfaces__rosidl_typesupport_introspection_cExport.cmake
[0.786s] -- Up-to-date: /media/witcher/be8e6b9d-6c5f-43b6-8399-13e2698fc3d1/chap3/practice_ws/install/status_interfaces/share/status_interfaces/cmake/status_interfaces__rosidl_typesupport_introspection_cExport-noconfig.cmake
[0.787s] -- Up-to-date: /media/witcher/be8e6b9d-6c5f-43b6-8399-13e2698fc3d1/chap3/practice_ws/install/status_interfaces/share/status_interfaces/cmake/status_interfaces__rosidl_typesupport_cExport.cmake
[0.787s] -- Up-to-date: /media/witcher/be8e6b9d-6c5f-43b6-8399-13e2698fc3d1/chap3/practice_ws/install/status_interfaces/share/status_interfaces/cmake/status_interfaces__rosidl_typesupport_cExport-noconfig.cmake
[0.788s] -- Up-to-date: /media/witcher/be8e6b9d-6c5f-43b6-8399-13e2698fc3d1/chap3/practice_ws/install/status_interfaces/share/status_interfaces/cmake/status_interfaces__rosidl_typesupport_introspection_cppExport.cmake
[0.788s] -- Up-to-date: /media/witcher/be8e6b9d-6c5f-43b6-8399-13e2698fc3d1/chap3/practice_ws/install/status_interfaces/share/status_interfaces/cmake/status_interfaces__rosidl_typesupport_introspection_cppExport-noconfig.cmake
[0.789s] -- Up-to-date: /media/witcher/be8e6b9d-6c5f-43b6-8399-13e2698fc3d1/chap3/practice_ws/install/status_interfaces/share/status_interfaces/cmake/status_interfaces__rosidl_typesupport_cppExport.cmake
[0.789s] -- Up-to-date: /media/witcher/be8e6b9d-6c5f-43b6-8399-13e2698fc3d1/chap3/practice_ws/install/status_interfaces/share/status_interfaces/cmake/status_interfaces__rosidl_typesupport_cppExport-noconfig.cmake
[0.790s] -- Up-to-date: /media/witcher/be8e6b9d-6c5f-43b6-8399-13e2698fc3d1/chap3/practice_ws/install/status_interfaces/share/status_interfaces/cmake/export_status_interfaces__rosidl_generator_pyExport.cmake
[0.791s] -- Up-to-date: /media/witcher/be8e6b9d-6c5f-43b6-8399-13e2698fc3d1/chap3/practice_ws/install/status_interfaces/share/status_interfaces/cmake/export_status_interfaces__rosidl_generator_pyExport-noconfig.cmake
[0.791s] -- Up-to-date: /media/witcher/be8e6b9d-6c5f-43b6-8399-13e2698fc3d1/chap3/practice_ws/install/status_interfaces/share/status_interfaces/cmake/rosidl_cmake-extras.cmake
[0.792s] -- Up-to-date: /media/witcher/be8e6b9d-6c5f-43b6-8399-13e2698fc3d1/chap3/practice_ws/install/status_interfaces/share/status_interfaces/cmake/ament_cmake_export_dependencies-extras.cmake
[0.792s] -- Up-to-date: /media/witcher/be8e6b9d-6c5f-43b6-8399-13e2698fc3d1/chap3/practice_ws/install/status_interfaces/share/status_interfaces/cmake/ament_cmake_export_include_directories-extras.cmake
[0.792s] -- Up-to-date: /media/witcher/be8e6b9d-6c5f-43b6-8399-13e2698fc3d1/chap3/practice_ws/install/status_interfaces/share/status_interfaces/cmake/ament_cmake_export_libraries-extras.cmake
[0.793s] -- Up-to-date: /media/witcher/be8e6b9d-6c5f-43b6-8399-13e2698fc3d1/chap3/practice_ws/install/status_interfaces/share/status_interfaces/cmake/ament_cmake_export_targets-extras.cmake
[0.793s] -- Up-to-date: /media/witcher/be8e6b9d-6c5f-43b6-8399-13e2698fc3d1/chap3/practice_ws/install/status_interfaces/share/status_interfaces/cmake/rosidl_cmake_export_typesupport_targets-extras.cmake
[0.793s] -- Up-to-date: /media/witcher/be8e6b9d-6c5f-43b6-8399-13e2698fc3d1/chap3/practice_ws/install/status_interfaces/share/status_interfaces/cmake/rosidl_cmake_export_typesupport_libraries-extras.cmake
[0.793s] -- Up-to-date: /media/witcher/be8e6b9d-6c5f-43b6-8399-13e2698fc3d1/chap3/practice_ws/install/status_interfaces/share/status_interfaces/cmake/status_interfacesConfig.cmake
[0.793s] -- Up-to-date: /media/witcher/be8e6b9d-6c5f-43b6-8399-13e2698fc3d1/chap3/practice_ws/install/status_interfaces/share/status_interfaces/cmake/status_interfacesConfig-version.cmake
[0.793s] -- Up-to-date: /media/witcher/be8e6b9d-6c5f-43b6-8399-13e2698fc3d1/chap3/practice_ws/install/status_interfaces/share/status_interfaces/package.xml
[0.797s] Invoked command in '/media/witcher/be8e6b9d-6c5f-43b6-8399-13e2698fc3d1/chap3/practice_ws/build/status_interfaces' returned '0': CMAKE_PREFIX_PATH=${CMAKE_PREFIX_PATH}:/media/witcher/be8e6b9d-6c5f-43b6-8399-13e2698fc3d1/chap3/practice_ws/install/status_publisher:/opt/ros/jazzy DEBUGINFOD_URLS=https://debuginfod.ubuntu.com /usr/bin/cmake --install /media/witcher/be8e6b9d-6c5f-43b6-8399-13e2698fc3d1/chap3/practice_ws/build/status_interfaces
